0 info it worked if it ends with ok
1 verbose cli [ '/Users/jameshrivnak/.nvm/versions/node/v6.11.2/bin/node',
1 verbose cli   '/Users/jameshrivnak/.nvm/versions/node/v6.11.2/bin/npm',
1 verbose cli   'run',
1 verbose cli   'apply' ]
2 info using npm@3.10.10
3 info using node@v6.11.2
4 verbose run-script [ 'preapply', 'apply', 'postapply' ]
5 info lifecycle IndeedAutomation@1.0.0~preapply: IndeedAutomation@1.0.0
6 silly lifecycle IndeedAutomation@1.0.0~preapply: no script for preapply, continuing
7 info lifecycle IndeedAutomation@1.0.0~apply: IndeedAutomation@1.0.0
8 verbose lifecycle IndeedAutomation@1.0.0~apply: unsafe-perm in lifecycle true
9 verbose lifecycle IndeedAutomation@1.0.0~apply: PATH: /Users/jameshrivnak/.nvm/versions/node/v6.11.2/lib/node_modules/npm/bin/node-gyp-bin:/Users/jameshrivnak/Documents/Projects/IndeedAutomation/node_modules/.bin:/Users/jameshrivnak/.nvm/versions/node/v6.11.2/bin:/usr/local/bin:/usr/bin:/bin:/usr/sbin:/sbin:/home/jameshrivnak
10 verbose lifecycle IndeedAutomation@1.0.0~apply: CWD: /Users/jameshrivnak/Documents/Projects/IndeedAutomation
11 silly lifecycle IndeedAutomation@1.0.0~apply: Args: [ '-c', 'node -e \'require("./index.js").AutomateIndeed()\'' ]
12 silly lifecycle IndeedAutomation@1.0.0~apply: Returned: code: 1  signal: null
13 info lifecycle IndeedAutomation@1.0.0~apply: Failed to exec apply script
14 verbose stack Error: IndeedAutomation@1.0.0 apply: `node -e 'require("./index.js").AutomateIndeed()'`
14 verbose stack Exit status 1
14 verbose stack     at EventEmitter.<anonymous> (/Users/jameshrivnak/.nvm/versions/node/v6.11.2/lib/node_modules/npm/lib/utils/lifecycle.js:255:16)
14 verbose stack     at emitTwo (events.js:106:13)
14 verbose stack     at EventEmitter.emit (events.js:191:7)
14 verbose stack     at ChildProcess.<anonymous> (/Users/jameshrivnak/.nvm/versions/node/v6.11.2/lib/node_modules/npm/lib/utils/spawn.js:40:14)
14 verbose stack     at emitTwo (events.js:106:13)
14 verbose stack     at ChildProcess.emit (events.js:191:7)
14 verbose stack     at maybeClose (internal/child_process.js:891:16)
14 verbose stack     at Process.ChildProcess._handle.onexit (internal/child_process.js:226:5)
15 verbose pkgid IndeedAutomation@1.0.0
16 verbose cwd /Users/jameshrivnak/Documents/Projects/IndeedAutomation
17 error Darwin 20.6.0
18 error argv "/Users/jameshrivnak/.nvm/versions/node/v6.11.2/bin/node" "/Users/jameshrivnak/.nvm/versions/node/v6.11.2/bin/npm" "run" "apply"
19 error node v6.11.2
20 error npm  v3.10.10
21 error code ELIFECYCLE
22 error IndeedAutomation@1.0.0 apply: `node -e 'require("./index.js").AutomateIndeed()'`
22 error Exit status 1
23 error Failed at the IndeedAutomation@1.0.0 apply script 'node -e 'require("./index.js").AutomateIndeed()''.
23 error Make sure you have the latest version of node.js and npm installed.
23 error If you do, this is most likely a problem with the IndeedAutomation package,
23 error not with npm itself.
23 error Tell the author that this fails on your system:
23 error     node -e 'require("./index.js").AutomateIndeed()'
23 error You can get information on how to open an issue for this project with:
23 error     npm bugs IndeedAutomation
23 error Or if that isn't available, you can get their info via:
23 error     npm owner ls IndeedAutomation
23 error There is likely additional logging output above.
24 verbose exit [ 1, true ]
